{"C:\\Users\\diego\\dev\\Coder-55565\\clases\\Clase31-Mocks\\clase\\02-jest\\suma.js": {"path":"C:\\Users\\diego\\dev\\Coder-55565\\clases\\Clase31-Mocks\\clase\\02-jest\\suma.js","statementMap":{"0":{"start":{"line":46,"column":13},"end":{"line":50,"column":1}},"1":{"start":{"line":47,"column":4},"end":{"line":47,"column":38}},"2":{"start":{"line":47,"column":30},"end":{"line":47,"column":38}},"3":{"start":{"line":48,"column":4},"end":{"line":48,"column":69}},"4":{"start":{"line":48,"column":31},"end":{"line":48,"column":55}},"5":{"start":{"line":48,"column":58},"end":{"line":48,"column":69}},"6":{"start":{"line":49,"column":4},"end":{"line":49,"column":56}},"7":{"start":{"line":49,"column":42},"end":{"line":49,"column":53}},"8":{"start":{"line":54,"column":0},"end":{"line":54,"column":19}}},"fnMap":{"0":{"name":"(anonymous_0)","decl":{"start":{"line":46,"column":13},"end":{"line":46,"column":14}},"loc":{"start":{"line":46,"column":29},"end":{"line":50,"column":1}},"line":46},"1":{"name":"(anonymous_1)","decl":{"start":{"line":48,"column":23},"end":{"line":48,"column":24}},"loc":{"start":{"line":48,"column":31},"end":{"line":48,"column":55}},"line":48},"2":{"name":"(anonymous_2)","decl":{"start":{"line":49,"column":26},"end":{"line":49,"column":27}},"loc":{"start":{"line":49,"column":42},"end":{"line":49,"column":53}},"line":49}},"branchMap":{"0":{"loc":{"start":{"line":47,"column":4},"end":{"line":47,"column":38}},"type":"if","locations":[{"start":{"line":47,"column":4},"end":{"line":47,"column":38}},{"start":{},"end":{}}],"line":47},"1":{"loc":{"start":{"line":48,"column":4},"end":{"line":48,"column":69}},"type":"if","locations":[{"start":{"line":48,"column":4},"end":{"line":48,"column":69}},{"start":{},"end":{}}],"line":48}},"s":{"0":1,"1":5,"2":1,"3":4,"4":10,"5":2,"6":2,"7":6,"8":1},"f":{"0":5,"1":10,"2":6},"b":{"0":[1,4],"1":[2,2]},"_coverageSchema":"1a1c01bbd47fc00a2c39e90264f33305004495a9","hash":"a7f8820bc40710b3081afc4b3a4b1b67242bc8d7"}
}
